{"C:\\Users\\NCTR\\Desktop\\New folder (2)\\node-demo\\index.js": {"path":"C:\\Users\\NCTR\\Desktop\\New folder (2)\\node-demo\\index.js","statementMap":{"0":{"start":{"line":1,"column":16},"end":{"line":1,"column":34}},"1":{"start":{"line":2,"column":16},"end":{"line":2,"column":34}},"2":{"start":{"line":3,"column":12},"end":{"line":3,"column":21}},"3":{"start":{"line":5,"column":0},"end":{"line":5,"column":30}},"4":{"start":{"line":6,"column":0},"end":{"line":6,"column":32}},"5":{"start":{"line":7,"column":0},"end":{"line":7,"column":32}},"6":{"start":{"line":8,"column":0},"end":{"line":8,"column":29}},"7":{"start":{"line":9,"column":0},"end":{"line":9,"column":33}},"8":{"start":{"line":11,"column":13},"end":{"line":11,"column":37}},"9":{"start":{"line":12,"column":15},"end":{"line":12,"column":83}},"10":{"start":{"line":12,"column":38},"end":{"line":12,"column":82}},"11":{"start":{"line":14,"column":0},"end":{"line":14,"column":24}}},"fnMap":{"0":{"name":"(anonymous_0)","decl":{"start":{"line":12,"column":32},"end":{"line":12,"column":33}},"loc":{"start":{"line":12,"column":38},"end":{"line":12,"column":82}},"line":12}},"branchMap":{"0":{"loc":{"start":{"line":11,"column":13},"end":{"line":11,"column":37}},"type":"binary-expr","locations":[{"start":{"line":11,"column":13},"end":{"line":11,"column":29}},{"start":{"line":11,"column":33},"end":{"line":11,"column":37}}],"line":11}},"s":{"0":1,"1":1,"2":1,"3":1,"4":1,"5":1,"6":1,"7":1,"8":1,"9":1,"10":1,"11":1},"f":{"0":1},"b":{"0":[1,1]},"_coverageSchema":"1a1c01bbd47fc00a2c39e90264f33305004495a9","hash":"191a3e4bda645ecc0ca46cf62f363b5b3b91c904"}
,"C:\\Users\\NCTR\\Desktop\\New folder (2)\\node-demo\\config\\config.js": {"path":"C:\\Users\\NCTR\\Desktop\\New folder (2)\\node-demo\\config\\config.js","statementMap":{"0":{"start":{"line":3,"column":15},"end":{"line":3,"column":32}},"1":{"start":{"line":5,"column":0},"end":{"line":9,"column":1}},"2":{"start":{"line":6,"column":3},"end":{"line":8,"column":3}},"3":{"start":{"line":7,"column":4},"end":{"line":7,"column":66}}},"fnMap":{"0":{"name":"(anonymous_0)","decl":{"start":{"line":5,"column":17},"end":{"line":5,"column":18}},"loc":{"start":{"line":5,"column":28},"end":{"line":9,"column":1}},"line":5}},"branchMap":{"0":{"loc":{"start":{"line":6,"column":3},"end":{"line":8,"column":3}},"type":"if","locations":[{"start":{"line":6,"column":3},"end":{"line":8,"column":3}},{"start":{"line":6,"column":3},"end":{"line":8,"column":3}}],"line":6}},"s":{"0":1,"1":1,"2":1,"3":0},"f":{"0":1},"b":{"0":[0,1]},"_coverageSchema":"1a1c01bbd47fc00a2c39e90264f33305004495a9","hash":"363c3f21d7402c80461610c496cb2e6723eeb0fb"}
,"C:\\Users\\NCTR\\Desktop\\New folder (2)\\node-demo\\config\\db-config.js": {"path":"C:\\Users\\NCTR\\Desktop\\New folder (2)\\node-demo\\config\\db-config.js","statementMap":{"0":{"start":{"line":1,"column":17},"end":{"line":1,"column":36}},"1":{"start":{"line":2,"column":16},"end":{"line":2,"column":34}},"2":{"start":{"line":3,"column":0},"end":{"line":7,"column":1}},"3":{"start":{"line":4,"column":13},"end":{"line":4,"column":29}},"4":{"start":{"line":5,"column":2},"end":{"line":6,"column":55}},"5":{"start":{"line":6,"column":14},"end":{"line":6,"column":53}}},"fnMap":{"0":{"name":"(anonymous_0)","decl":{"start":{"line":3,"column":17},"end":{"line":3,"column":18}},"loc":{"start":{"line":3,"column":28},"end":{"line":7,"column":1}},"line":3},"1":{"name":"(anonymous_1)","decl":{"start":{"line":6,"column":8},"end":{"line":6,"column":9}},"loc":{"start":{"line":6,"column":14},"end":{"line":6,"column":53}},"line":6}},"branchMap":{},"s":{"0":1,"1":1,"2":1,"3":1,"4":1,"5":1},"f":{"0":1,"1":1},"b":{},"_coverageSchema":"1a1c01bbd47fc00a2c39e90264f33305004495a9","hash":"e9ca0e1f360a70d765844e9357913597055c8e9d"}
,"C:\\Users\\NCTR\\Desktop\\New folder (2)\\node-demo\\config\\logging.js": {"path":"C:\\Users\\NCTR\\Desktop\\New folder (2)\\node-demo\\config\\logging.js","statementMap":{"0":{"start":{"line":1,"column":16},"end":{"line":1,"column":34}},"1":{"start":{"line":2,"column":0},"end":{"line":2,"column":27}},"2":{"start":{"line":3,"column":0},"end":{"line":3,"column":32}},"3":{"start":{"line":5,"column":0},"end":{"line":18,"column":1}},"4":{"start":{"line":7,"column":2},"end":{"line":10,"column":4}},"5":{"start":{"line":11,"column":2},"end":{"line":11,"column":45}},"6":{"start":{"line":12,"column":2},"end":{"line":16,"column":6}}},"fnMap":{"0":{"name":"(anonymous_0)","decl":{"start":{"line":5,"column":17},"end":{"line":5,"column":18}},"loc":{"start":{"line":5,"column":28},"end":{"line":18,"column":1}},"line":5}},"branchMap":{},"s":{"0":1,"1":1,"2":1,"3":1,"4":1,"5":1,"6":1},"f":{"0":1},"b":{},"_coverageSchema":"1a1c01bbd47fc00a2c39e90264f33305004495a9","hash":"0527c06a44aa2568e91c65f275380f30157527a3"}
,"C:\\Users\\NCTR\\Desktop\\New folder (2)\\node-demo\\config\\routes.js": {"path":"C:\\Users\\NCTR\\Desktop\\New folder (2)\\node-demo\\config\\routes.js","statementMap":{"0":{"start":{"line":1,"column":16},"end":{"line":1,"column":34}},"1":{"start":{"line":2,"column":15},"end":{"line":2,"column":42}},"2":{"start":{"line":3,"column":18},"end":{"line":3,"column":48}},"3":{"start":{"line":4,"column":15},"end":{"line":4,"column":42}},"4":{"start":{"line":5,"column":16},"end":{"line":5,"column":43}},"5":{"start":{"line":6,"column":14},"end":{"line":6,"column":40}},"6":{"start":{"line":7,"column":13},"end":{"line":7,"column":38}},"7":{"start":{"line":8,"column":14},"end":{"line":8,"column":44}},"8":{"start":{"line":10,"column":0},"end":{"line":19,"column":1}},"9":{"start":{"line":11,"column":2},"end":{"line":11,"column":26}},"10":{"start":{"line":12,"column":2},"end":{"line":12,"column":33}},"11":{"start":{"line":13,"column":2},"end":{"line":13,"column":39}},"12":{"start":{"line":14,"column":2},"end":{"line":14,"column":33}},"13":{"start":{"line":15,"column":2},"end":{"line":15,"column":35}},"14":{"start":{"line":16,"column":2},"end":{"line":16,"column":31}},"15":{"start":{"line":17,"column":2},"end":{"line":17,"column":29}},"16":{"start":{"line":18,"column":2},"end":{"line":18,"column":17}}},"fnMap":{"0":{"name":"(anonymous_0)","decl":{"start":{"line":10,"column":17},"end":{"line":10,"column":18}},"loc":{"start":{"line":10,"column":31},"end":{"line":19,"column":1}},"line":10}},"branchMap":{},"s":{"0":1,"1":1,"2":1,"3":1,"4":1,"5":1,"6":1,"7":1,"8":1,"9":1,"10":1,"11":1,"12":1,"13":1,"14":1,"15":1,"16":1},"f":{"0":1},"b":{},"_coverageSchema":"1a1c01bbd47fc00a2c39e90264f33305004495a9","hash":"e0f7d5810f789d356b0e8fa690be3333111f7dec"}
,"C:\\Users\\NCTR\\Desktop\\New folder (2)\\node-demo\\config\\validation.js": {"path":"C:\\Users\\NCTR\\Desktop\\New folder (2)\\node-demo\\config\\validation.js","statementMap":{"0":{"start":{"line":1,"column":12},"end":{"line":1,"column":26}},"1":{"start":{"line":3,"column":0},"end":{"line":5,"column":1}},"2":{"start":{"line":4,"column":2},"end":{"line":4,"column":46}}},"fnMap":{"0":{"name":"(anonymous_0)","decl":{"start":{"line":3,"column":17},"end":{"line":3,"column":18}},"loc":{"start":{"line":3,"column":28},"end":{"line":5,"column":1}},"line":3}},"branchMap":{},"s":{"0":1,"1":1,"2":1},"f":{"0":1},"b":{},"_coverageSchema":"1a1c01bbd47fc00a2c39e90264f33305004495a9","hash":"38a29c8a71469317e43fe3495894cc631b155181"}
,"C:\\Users\\NCTR\\Desktop\\New folder (2)\\node-demo\\middleware\\admin.js": {"path":"C:\\Users\\NCTR\\Desktop\\New folder (2)\\node-demo\\middleware\\admin.js","statementMap":{"0":{"start":{"line":2,"column":0},"end":{"line":9,"column":3}},"1":{"start":{"line":6,"column":4},"end":{"line":6,"column":87}},"2":{"start":{"line":6,"column":27},"end":{"line":6,"column":87}},"3":{"start":{"line":8,"column":4},"end":{"line":8,"column":11}}},"fnMap":{"0":{"name":"(anonymous_0)","decl":{"start":{"line":2,"column":17},"end":{"line":2,"column":18}},"loc":{"start":{"line":2,"column":43},"end":{"line":9,"column":3}},"line":2}},"branchMap":{"0":{"loc":{"start":{"line":6,"column":4},"end":{"line":6,"column":87}},"type":"if","locations":[{"start":{"line":6,"column":4},"end":{"line":6,"column":87}},{"start":{"line":6,"column":4},"end":{"line":6,"column":87}}],"line":6}},"s":{"0":1,"1":5,"2":1,"3":4},"f":{"0":5},"b":{"0":[1,4]},"_coverageSchema":"1a1c01bbd47fc00a2c39e90264f33305004495a9","hash":"e8743d2306380b5708e9836fa891b11fd2712b78"}
,"C:\\Users\\NCTR\\Desktop\\New folder (2)\\node-demo\\middleware\\auth.js": {"path":"C:\\Users\\NCTR\\Desktop\\New folder (2)\\node-demo\\middleware\\auth.js","statementMap":{"0":{"start":{"line":1,"column":15},"end":{"line":1,"column":32}},"1":{"start":{"line":2,"column":12},"end":{"line":2,"column":35}},"2":{"start":{"line":5,"column":18},"end":{"line":5,"column":45}},"3":{"start":{"line":6,"column":4},"end":{"line":6,"column":84}},"4":{"start":{"line":6,"column":16},"end":{"line":6,"column":84}},"5":{"start":{"line":8,"column":4},"end":{"line":20,"column":5}},"6":{"start":{"line":9,"column":24},"end":{"line":9,"column":74}},"7":{"start":{"line":10,"column":8},"end":{"line":10,"column":27}},"8":{"start":{"line":11,"column":8},"end":{"line":11,"column":15}},"9":{"start":{"line":17,"column":8},"end":{"line":17,"column":53}},"10":{"start":{"line":18,"column":8},"end":{"line":18,"column":47}},"11":{"start":{"line":23,"column":0},"end":{"line":23,"column":20}}},"fnMap":{"0":{"name":"auth","decl":{"start":{"line":4,"column":9},"end":{"line":4,"column":13}},"loc":{"start":{"line":4,"column":30},"end":{"line":21,"column":1}},"line":4}},"branchMap":{"0":{"loc":{"start":{"line":6,"column":4},"end":{"line":6,"column":84}},"type":"if","locations":[{"start":{"line":6,"column":4},"end":{"line":6,"column":84}},{"start":{"line":6,"column":4},"end":{"line":6,"column":84}}],"line":6}},"s":{"0":2,"1":2,"2":19,"3":19,"4":3,"5":16,"6":16,"7":16,"8":16,"9":0,"10":0,"11":2},"f":{"0":19},"b":{"0":[3,16]},"_coverageSchema":"1a1c01bbd47fc00a2c39e90264f33305004495a9","hash":"db9fc374bef513991e1034e395e3efec56a876bf"}
,"C:\\Users\\NCTR\\Desktop\\New folder (2)\\node-demo\\middleware\\error.js": {"path":"C:\\Users\\NCTR\\Desktop\\New folder (2)\\node-demo\\middleware\\error.js","statementMap":{"0":{"start":{"line":1,"column":0},"end":{"line":5,"column":1}},"1":{"start":{"line":4,"column":0},"end":{"line":4,"column":45}}},"fnMap":{"0":{"name":"(anonymous_0)","decl":{"start":{"line":1,"column":16},"end":{"line":1,"column":17}},"loc":{"start":{"line":1,"column":44},"end":{"line":5,"column":1}},"line":1}},"branchMap":{},"s":{"0":1,"1":0},"f":{"0":0},"b":{},"_coverageSchema":"1a1c01bbd47fc00a2c39e90264f33305004495a9","hash":"230896c3c376ffc3b9836fc0022c653d6e1547d6"}
,"C:\\Users\\NCTR\\Desktop\\New folder (2)\\node-demo\\middleware\\validateObjectId.js": {"path":"C:\\Users\\NCTR\\Desktop\\New folder (2)\\node-demo\\middleware\\validateObjectId.js","statementMap":{"0":{"start":{"line":1,"column":17},"end":{"line":1,"column":36}},"1":{"start":{"line":3,"column":0},"end":{"line":8,"column":1}},"2":{"start":{"line":4,"column":2},"end":{"line":5,"column":47}},"3":{"start":{"line":5,"column":4},"end":{"line":5,"column":47}},"4":{"start":{"line":7,"column":2},"end":{"line":7,"column":9}}},"fnMap":{"0":{"name":"(anonymous_0)","decl":{"start":{"line":3,"column":17},"end":{"line":3,"column":18}},"loc":{"start":{"line":3,"column":42},"end":{"line":8,"column":1}},"line":3}},"branchMap":{"0":{"loc":{"start":{"line":4,"column":2},"end":{"line":5,"column":47}},"type":"if","locations":[{"start":{"line":4,"column":2},"end":{"line":5,"column":47}},{"start":{"line":4,"column":2},"end":{"line":5,"column":47}}],"line":4}},"s":{"0":1,"1":1,"2":13,"3":3,"4":10},"f":{"0":13},"b":{"0":[3,10]},"_coverageSchema":"1a1c01bbd47fc00a2c39e90264f33305004495a9","hash":"91f7615c78223b956f6c909fb06f5b16f7430533"}
,"C:\\Users\\NCTR\\Desktop\\New folder (2)\\node-demo\\models\\customer.js": {"path":"C:\\Users\\NCTR\\Desktop\\New folder (2)\\node-demo\\models\\customer.js","statementMap":{"0":{"start":{"line":1,"column":12},"end":{"line":1,"column":26}},"1":{"start":{"line":2,"column":17},"end":{"line":2,"column":36}},"2":{"start":{"line":4,"column":17},"end":{"line":21,"column":3}},"3":{"start":{"line":24,"column":17},"end":{"line":28,"column":4}},"4":{"start":{"line":30,"column":2},"end":{"line":30,"column":35}},"5":{"start":{"line":33,"column":0},"end":{"line":33,"column":28}},"6":{"start":{"line":34,"column":0},"end":{"line":34,"column":36}}},"fnMap":{"0":{"name":"validateCustomer","decl":{"start":{"line":23,"column":9},"end":{"line":23,"column":25}},"loc":{"start":{"line":23,"column":36},"end":{"line":31,"column":1}},"line":23}},"branchMap":{},"s":{"0":1,"1":1,"2":1,"3":0,"4":0,"5":1,"6":1},"f":{"0":0},"b":{},"_coverageSchema":"1a1c01bbd47fc00a2c39e90264f33305004495a9","hash":"7a9da0c4d84258180a73625f2a9a1427efc52f9a"}
,"C:\\Users\\NCTR\\Desktop\\New folder (2)\\node-demo\\models\\genre.js": {"path":"C:\\Users\\NCTR\\Desktop\\New folder (2)\\node-demo\\models\\genre.js","statementMap":{"0":{"start":{"line":1,"column":12},"end":{"line":1,"column":26}},"1":{"start":{"line":2,"column":17},"end":{"line":2,"column":36}},"2":{"start":{"line":4,"column":20},"end":{"line":11,"column":2}},"3":{"start":{"line":13,"column":14},"end":{"line":13,"column":51}},"4":{"start":{"line":16,"column":17},"end":{"line":19,"column":4}},"5":{"start":{"line":21,"column":2},"end":{"line":21,"column":31}},"6":{"start":{"line":25,"column":0},"end":{"line":25,"column":34}},"7":{"start":{"line":26,"column":0},"end":{"line":26,"column":22}},"8":{"start":{"line":27,"column":0},"end":{"line":27,"column":33}}},"fnMap":{"0":{"name":"validateGenre","decl":{"start":{"line":15,"column":9},"end":{"line":15,"column":22}},"loc":{"start":{"line":15,"column":30},"end":{"line":22,"column":1}},"line":15}},"branchMap":{},"s":{"0":1,"1":1,"2":1,"3":1,"4":9,"5":9,"6":1,"7":1,"8":1},"f":{"0":9},"b":{},"_coverageSchema":"1a1c01bbd47fc00a2c39e90264f33305004495a9","hash":"5acb48e7a9ca746d830086d0ce59c879f6c72db2"}
,"C:\\Users\\NCTR\\Desktop\\New folder (2)\\node-demo\\models\\movie.js": {"path":"C:\\Users\\NCTR\\Desktop\\New folder (2)\\node-demo\\models\\movie.js","statementMap":{"0":{"start":{"line":1,"column":12},"end":{"line":1,"column":26}},"1":{"start":{"line":2,"column":17},"end":{"line":2,"column":36}},"2":{"start":{"line":3,"column":22},"end":{"line":3,"column":40}},"3":{"start":{"line":5,"column":14},"end":{"line":29,"column":3}},"4":{"start":{"line":34,"column":15},"end":{"line":41,"column":2}},"5":{"start":{"line":43,"column":0},"end":{"line":43,"column":29}},"6":{"start":{"line":45,"column":0},"end":{"line":45,"column":22}},"7":{"start":{"line":46,"column":0},"end":{"line":46,"column":33}}},"fnMap":{"0":{"name":"validateMovie","decl":{"start":{"line":31,"column":9},"end":{"line":31,"column":22}},"loc":{"start":{"line":31,"column":30},"end":{"line":43,"column":30}},"line":31}},"branchMap":{},"s":{"0":1,"1":1,"2":1,"3":1,"4":0,"5":0,"6":1,"7":1},"f":{"0":0},"b":{},"_coverageSchema":"1a1c01bbd47fc00a2c39e90264f33305004495a9","hash":"d3c18c47400945e98181c1837bdf1db804ce1217"}
,"C:\\Users\\NCTR\\Desktop\\New folder (2)\\node-demo\\models\\rental.js": {"path":"C:\\Users\\NCTR\\Desktop\\New folder (2)\\node-demo\\models\\rental.js","statementMap":{"0":{"start":{"line":1,"column":12},"end":{"line":1,"column":26}},"1":{"start":{"line":2,"column":17},"end":{"line":2,"column":36}},"2":{"start":{"line":3,"column":0},"end":{"line":3,"column":44}},"3":{"start":{"line":5,"column":15},"end":{"line":57,"column":3}},"4":{"start":{"line":60,"column":17},"end":{"line":65,"column":2}},"5":{"start":{"line":66,"column":1},"end":{"line":66,"column":31}},"6":{"start":{"line":68,"column":0},"end":{"line":68,"column":24}},"7":{"start":{"line":69,"column":0},"end":{"line":69,"column":34}}},"fnMap":{"0":{"name":"validateRental","decl":{"start":{"line":59,"column":9},"end":{"line":59,"column":23}},"loc":{"start":{"line":59,"column":32},"end":{"line":66,"column":32}},"line":59}},"branchMap":{},"s":{"0":1,"1":1,"2":1,"3":1,"4":0,"5":0,"6":1,"7":1},"f":{"0":0},"b":{},"_coverageSchema":"1a1c01bbd47fc00a2c39e90264f33305004495a9","hash":"a7f38f0f421f868700518807ebf16a6d08d5c6b1"}
,"C:\\Users\\NCTR\\Desktop\\New folder (2)\\node-demo\\models\\user.js": {"path":"C:\\Users\\NCTR\\Desktop\\New folder (2)\\node-demo\\models\\user.js","statementMap":{"0":{"start":{"line":1,"column":12},"end":{"line":1,"column":26}},"1":{"start":{"line":2,"column":17},"end":{"line":2,"column":36}},"2":{"start":{"line":3,"column":0},"end":{"line":3,"column":44}},"3":{"start":{"line":4,"column":12},"end":{"line":4,"column":35}},"4":{"start":{"line":5,"column":15},"end":{"line":5,"column":32}},"5":{"start":{"line":6,"column":27},"end":{"line":6,"column":69}},"6":{"start":{"line":8,"column":19},"end":{"line":28,"column":2}},"7":{"start":{"line":31,"column":0},"end":{"line":34,"column":1}},"8":{"start":{"line":32,"column":18},"end":{"line":32,"column":101}},"9":{"start":{"line":33,"column":4},"end":{"line":33,"column":17}},"10":{"start":{"line":36,"column":0},"end":{"line":43,"column":1}},"11":{"start":{"line":38,"column":18},"end":{"line":38,"column":99}},"12":{"start":{"line":39,"column":4},"end":{"line":39,"column":52}},"13":{"start":{"line":42,"column":4},"end":{"line":42,"column":17}},"14":{"start":{"line":44,"column":13},"end":{"line":44,"column":47}},"15":{"start":{"line":47,"column":19},"end":{"line":55,"column":6}},"16":{"start":{"line":58,"column":4},"end":{"line":58,"column":33}},"17":{"start":{"line":61,"column":0},"end":{"line":61,"column":20}},"18":{"start":{"line":62,"column":0},"end":{"line":62,"column":32}}},"fnMap":{"0":{"name":"(anonymous_0)","decl":{"start":{"line":31,"column":39},"end":{"line":31,"column":40}},"loc":{"start":{"line":31,"column":51},"end":{"line":34,"column":1}},"line":31},"1":{"name":"(anonymous_1)","decl":{"start":{"line":36,"column":40},"end":{"line":36,"column":41}},"loc":{"start":{"line":36,"column":52},"end":{"line":43,"column":1}},"line":36},"2":{"name":"validateUser","decl":{"start":{"line":46,"column":9},"end":{"line":46,"column":21}},"loc":{"start":{"line":46,"column":28},"end":{"line":59,"column":1}},"line":46}},"branchMap":{},"s":{"0":3,"1":3,"2":3,"3":3,"4":3,"5":3,"6":3,"7":3,"8":21,"9":21,"10":3,"11":0,"12":0,"13":0,"14":3,"15":0,"16":0,"17":3,"18":3},"f":{"0":21,"1":0,"2":0},"b":{},"_coverageSchema":"1a1c01bbd47fc00a2c39e90264f33305004495a9","hash":"e13b6bdedfb420064a404e8c5e6a4d1f24f1fa74"}
,"C:\\Users\\NCTR\\Desktop\\New folder (2)\\node-demo\\routes\\auth.js": {"path":"C:\\Users\\NCTR\\Desktop\\New folder (2)\\node-demo\\routes\\auth.js","statementMap":{"0":{"start":{"line":1,"column":12},"end":{"line":1,"column":26}},"1":{"start":{"line":2,"column":17},"end":{"line":2,"column":36}},"2":{"start":{"line":3,"column":9},"end":{"line":3,"column":26}},"3":{"start":{"line":4,"column":13},"end":{"line":4,"column":30}},"4":{"start":{"line":5,"column":16},"end":{"line":5,"column":34}},"5":{"start":{"line":6,"column":15},"end":{"line":6,"column":31}},"6":{"start":{"line":7,"column":12},"end":{"line":7,"column":35}},"7":{"start":{"line":8,"column":0},"end":{"line":8,"column":28}},"8":{"start":{"line":9,"column":15},"end":{"line":9,"column":40}},"9":{"start":{"line":13,"column":0},"end":{"line":37,"column":3}},"10":{"start":{"line":14,"column":20},"end":{"line":14,"column":38}},"11":{"start":{"line":15,"column":2},"end":{"line":15,"column":67}},"12":{"start":{"line":15,"column":13},"end":{"line":15,"column":67}},"13":{"start":{"line":16,"column":13},"end":{"line":16,"column":58}},"14":{"start":{"line":19,"column":2},"end":{"line":19,"column":76}},"15":{"start":{"line":19,"column":13},"end":{"line":19,"column":76}},"16":{"start":{"line":21,"column":23},"end":{"line":21,"column":76}},"17":{"start":{"line":22,"column":1},"end":{"line":22,"column":84}},"18":{"start":{"line":22,"column":21},"end":{"line":22,"column":84}},"19":{"start":{"line":30,"column":15},"end":{"line":30,"column":39}},"20":{"start":{"line":36,"column":1},"end":{"line":36,"column":17}},"21":{"start":{"line":40,"column":19},"end":{"line":49,"column":6}},"22":{"start":{"line":50,"column":4},"end":{"line":50,"column":31}},"23":{"start":{"line":53,"column":0},"end":{"line":53,"column":24}}},"fnMap":{"0":{"name":"(anonymous_0)","decl":{"start":{"line":13,"column":17},"end":{"line":13,"column":18}},"loc":{"start":{"line":13,"column":37},"end":{"line":37,"column":1}},"line":13},"1":{"name":"validate","decl":{"start":{"line":38,"column":9},"end":{"line":38,"column":17}},"loc":{"start":{"line":38,"column":23},"end":{"line":52,"column":1}},"line":38}},"branchMap":{"0":{"loc":{"start":{"line":15,"column":2},"end":{"line":15,"column":67}},"type":"if","locations":[{"start":{"line":15,"column":2},"end":{"line":15,"column":67}},{"start":{"line":15,"column":2},"end":{"line":15,"column":67}}],"line":15},"1":{"loc":{"start":{"line":19,"column":2},"end":{"line":19,"column":76}},"type":"if","locations":[{"start":{"line":19,"column":2},"end":{"line":19,"column":76}},{"start":{"line":19,"column":2},"end":{"line":19,"column":76}}],"line":19},"2":{"loc":{"start":{"line":22,"column":1},"end":{"line":22,"column":84}},"type":"if","locations":[{"start":{"line":22,"column":1},"end":{"line":22,"column":84}},{"start":{"line":22,"column":1},"end":{"line":22,"column":84}}],"line":22}},"s":{"0":1,"1":1,"2":1,"3":1,"4":1,"5":1,"6":1,"7":1,"8":1,"9":1,"10":0,"11":0,"12":0,"13":0,"14":0,"15":0,"16":0,"17":0,"18":0,"19":0,"20":0,"21":0,"22":0,"23":1},"f":{"0":0,"1":0},"b":{"0":[0,0],"1":[0,0],"2":[0,0]},"_coverageSchema":"1a1c01bbd47fc00a2c39e90264f33305004495a9","hash":"64440f366aa324c4afa1a2944e774256656240b8"}
,"C:\\Users\\NCTR\\Desktop\\New folder (2)\\node-demo\\routes\\customers.js": {"path":"C:\\Users\\NCTR\\Desktop\\New folder (2)\\node-demo\\routes\\customers.js","statementMap":{"0":{"start":{"line":1,"column":12},"end":{"line":1,"column":26}},"1":{"start":{"line":2,"column":17},"end":{"line":2,"column":36}},"2":{"start":{"line":3,"column":16},"end":{"line":3,"column":34}},"3":{"start":{"line":4,"column":15},"end":{"line":4,"column":31}},"4":{"start":{"line":6,"column":29},"end":{"line":6,"column":58}},"5":{"start":{"line":9,"column":0},"end":{"line":12,"column":3}},"6":{"start":{"line":10,"column":20},"end":{"line":10,"column":55}},"7":{"start":{"line":11,"column":2},"end":{"line":11,"column":22}},"8":{"start":{"line":14,"column":0},"end":{"line":22,"column":3}},"9":{"start":{"line":15,"column":20},"end":{"line":15,"column":38}},"10":{"start":{"line":16,"column":2},"end":{"line":16,"column":67}},"11":{"start":{"line":16,"column":13},"end":{"line":16,"column":67}},"12":{"start":{"line":18,"column":17},"end":{"line":18,"column":102}},"13":{"start":{"line":19,"column":2},"end":{"line":19,"column":35}},"14":{"start":{"line":21,"column":2},"end":{"line":21,"column":21}},"15":{"start":{"line":24,"column":0},"end":{"line":35,"column":3}},"16":{"start":{"line":25,"column":20},"end":{"line":25,"column":46}},"17":{"start":{"line":26,"column":2},"end":{"line":26,"column":67}},"18":{"start":{"line":26,"column":13},"end":{"line":26,"column":67}},"19":{"start":{"line":28,"column":19},"end":{"line":30,"column":4}},"20":{"start":{"line":32,"column":2},"end":{"line":32,"column":94}},"21":{"start":{"line":32,"column":17},"end":{"line":32,"column":94}},"22":{"start":{"line":34,"column":2},"end":{"line":34,"column":21}},"23":{"start":{"line":37,"column":0},"end":{"line":43,"column":3}},"24":{"start":{"line":38,"column":19},"end":{"line":38,"column":66}},"25":{"start":{"line":40,"column":2},"end":{"line":40,"column":94}},"26":{"start":{"line":40,"column":17},"end":{"line":40,"column":94}},"27":{"start":{"line":42,"column":2},"end":{"line":42,"column":21}},"28":{"start":{"line":45,"column":0},"end":{"line":51,"column":3}},"29":{"start":{"line":46,"column":19},"end":{"line":46,"column":57}},"30":{"start":{"line":48,"column":2},"end":{"line":48,"column":94}},"31":{"start":{"line":48,"column":17},"end":{"line":48,"column":94}},"32":{"start":{"line":50,"column":2},"end":{"line":50,"column":21}},"33":{"start":{"line":57,"column":0},"end":{"line":57,"column":24}}},"fnMap":{"0":{"name":"(anonymous_0)","decl":{"start":{"line":9,"column":16},"end":{"line":9,"column":17}},"loc":{"start":{"line":9,"column":36},"end":{"line":12,"column":1}},"line":9},"1":{"name":"(anonymous_1)","decl":{"start":{"line":14,"column":17},"end":{"line":14,"column":18}},"loc":{"start":{"line":14,"column":37},"end":{"line":22,"column":1}},"line":14},"2":{"name":"(anonymous_2)","decl":{"start":{"line":24,"column":19},"end":{"line":24,"column":20}},"loc":{"start":{"line":24,"column":39},"end":{"line":35,"column":1}},"line":24},"3":{"name":"(anonymous_3)","decl":{"start":{"line":37,"column":22},"end":{"line":37,"column":23}},"loc":{"start":{"line":37,"column":42},"end":{"line":43,"column":1}},"line":37},"4":{"name":"(anonymous_4)","decl":{"start":{"line":45,"column":19},"end":{"line":45,"column":20}},"loc":{"start":{"line":45,"column":39},"end":{"line":51,"column":1}},"line":45}},"branchMap":{"0":{"loc":{"start":{"line":16,"column":2},"end":{"line":16,"column":67}},"type":"if","locations":[{"start":{"line":16,"column":2},"end":{"line":16,"column":67}},{"start":{"line":16,"column":2},"end":{"line":16,"column":67}}],"line":16},"1":{"loc":{"start":{"line":26,"column":2},"end":{"line":26,"column":67}},"type":"if","locations":[{"start":{"line":26,"column":2},"end":{"line":26,"column":67}},{"start":{"line":26,"column":2},"end":{"line":26,"column":67}}],"line":26},"2":{"loc":{"start":{"line":32,"column":2},"end":{"line":32,"column":94}},"type":"if","locations":[{"start":{"line":32,"column":2},"end":{"line":32,"column":94}},{"start":{"line":32,"column":2},"end":{"line":32,"column":94}}],"line":32},"3":{"loc":{"start":{"line":40,"column":2},"end":{"line":40,"column":94}},"type":"if","locations":[{"start":{"line":40,"column":2},"end":{"line":40,"column":94}},{"start":{"line":40,"column":2},"end":{"line":40,"column":94}}],"line":40},"4":{"loc":{"start":{"line":48,"column":2},"end":{"line":48,"column":94}},"type":"if","locations":[{"start":{"line":48,"column":2},"end":{"line":48,"column":94}},{"start":{"line":48,"column":2},"end":{"line":48,"column":94}}],"line":48}},"s":{"0":1,"1":1,"2":1,"3":1,"4":1,"5":1,"6":0,"7":0,"8":1,"9":0,"10":0,"11":0,"12":0,"13":0,"14":0,"15":1,"16":0,"17":0,"18":0,"19":0,"20":0,"21":0,"22":0,"23":1,"24":0,"25":0,"26":0,"27":0,"28":1,"29":0,"30":0,"31":0,"32":0,"33":1},"f":{"0":0,"1":0,"2":0,"3":0,"4":0},"b":{"0":[0,0],"1":[0,0],"2":[0,0],"3":[0,0],"4":[0,0]},"_coverageSchema":"1a1c01bbd47fc00a2c39e90264f33305004495a9","hash":"c972764d4e6134a912a304a707c8a64325570067"}
,"C:\\Users\\NCTR\\Desktop\\New folder (2)\\node-demo\\routes\\genres.js": {"path":"C:\\Users\\NCTR\\Desktop\\New folder (2)\\node-demo\\routes\\genres.js","statementMap":{"0":{"start":{"line":1,"column":12},"end":{"line":1,"column":26}},"1":{"start":{"line":2,"column":12},"end":{"line":2,"column":42}},"2":{"start":{"line":3,"column":15},"end":{"line":3,"column":46}},"3":{"start":{"line":4,"column":25},"end":{"line":4,"column":66}},"4":{"start":{"line":6,"column":17},"end":{"line":6,"column":36}},"5":{"start":{"line":7,"column":16},"end":{"line":7,"column":34}},"6":{"start":{"line":8,"column":15},"end":{"line":8,"column":31}},"7":{"start":{"line":10,"column":26},"end":{"line":10,"column":52}},"8":{"start":{"line":13,"column":0},"end":{"line":16,"column":3}},"9":{"start":{"line":14,"column":17},"end":{"line":14,"column":48}},"10":{"start":{"line":15,"column":2},"end":{"line":15,"column":19}},"11":{"start":{"line":18,"column":0},"end":{"line":26,"column":3}},"12":{"start":{"line":19,"column":20},"end":{"line":19,"column":38}},"13":{"start":{"line":20,"column":2},"end":{"line":20,"column":67}},"14":{"start":{"line":20,"column":13},"end":{"line":20,"column":67}},"15":{"start":{"line":22,"column":14},"end":{"line":22,"column":48}},"16":{"start":{"line":23,"column":2},"end":{"line":23,"column":29}},"17":{"start":{"line":25,"column":2},"end":{"line":25,"column":18}},"18":{"start":{"line":28,"column":0},"end":{"line":39,"column":3}},"19":{"start":{"line":29,"column":20},"end":{"line":29,"column":38}},"20":{"start":{"line":30,"column":2},"end":{"line":30,"column":67}},"21":{"start":{"line":30,"column":13},"end":{"line":30,"column":67}},"22":{"start":{"line":32,"column":16},"end":{"line":34,"column":4}},"23":{"start":{"line":36,"column":2},"end":{"line":36,"column":88}},"24":{"start":{"line":36,"column":14},"end":{"line":36,"column":88}},"25":{"start":{"line":38,"column":2},"end":{"line":38,"column":18}},"26":{"start":{"line":41,"column":0},"end":{"line":47,"column":3}},"27":{"start":{"line":42,"column":16},"end":{"line":42,"column":60}},"28":{"start":{"line":44,"column":2},"end":{"line":44,"column":88}},"29":{"start":{"line":44,"column":14},"end":{"line":44,"column":88}},"30":{"start":{"line":46,"column":2},"end":{"line":46,"column":18}},"31":{"start":{"line":49,"column":0},"end":{"line":55,"column":3}},"32":{"start":{"line":50,"column":16},"end":{"line":50,"column":51}},"33":{"start":{"line":52,"column":2},"end":{"line":52,"column":88}},"34":{"start":{"line":52,"column":14},"end":{"line":52,"column":88}},"35":{"start":{"line":54,"column":2},"end":{"line":54,"column":18}},"36":{"start":{"line":57,"column":0},"end":{"line":57,"column":24}}},"fnMap":{"0":{"name":"(anonymous_0)","decl":{"start":{"line":13,"column":16},"end":{"line":13,"column":17}},"loc":{"start":{"line":13,"column":36},"end":{"line":16,"column":1}},"line":13},"1":{"name":"(anonymous_1)","decl":{"start":{"line":18,"column":22},"end":{"line":18,"column":23}},"loc":{"start":{"line":18,"column":42},"end":{"line":26,"column":1}},"line":18},"2":{"name":"(anonymous_2)","decl":{"start":{"line":28,"column":43},"end":{"line":28,"column":44}},"loc":{"start":{"line":28,"column":63},"end":{"line":39,"column":1}},"line":28},"3":{"name":"(anonymous_3)","decl":{"start":{"line":41,"column":54},"end":{"line":41,"column":55}},"loc":{"start":{"line":41,"column":74},"end":{"line":47,"column":1}},"line":41},"4":{"name":"(anonymous_4)","decl":{"start":{"line":49,"column":36},"end":{"line":49,"column":37}},"loc":{"start":{"line":49,"column":56},"end":{"line":55,"column":1}},"line":49}},"branchMap":{"0":{"loc":{"start":{"line":20,"column":2},"end":{"line":20,"column":67}},"type":"if","locations":[{"start":{"line":20,"column":2},"end":{"line":20,"column":67}},{"start":{"line":20,"column":2},"end":{"line":20,"column":67}}],"line":20},"1":{"loc":{"start":{"line":30,"column":2},"end":{"line":30,"column":67}},"type":"if","locations":[{"start":{"line":30,"column":2},"end":{"line":30,"column":67}},{"start":{"line":30,"column":2},"end":{"line":30,"column":67}}],"line":30},"2":{"loc":{"start":{"line":36,"column":2},"end":{"line":36,"column":88}},"type":"if","locations":[{"start":{"line":36,"column":2},"end":{"line":36,"column":88}},{"start":{"line":36,"column":2},"end":{"line":36,"column":88}}],"line":36},"3":{"loc":{"start":{"line":44,"column":2},"end":{"line":44,"column":88}},"type":"if","locations":[{"start":{"line":44,"column":2},"end":{"line":44,"column":88}},{"start":{"line":44,"column":2},"end":{"line":44,"column":88}}],"line":44},"4":{"loc":{"start":{"line":52,"column":2},"end":{"line":52,"column":88}},"type":"if","locations":[{"start":{"line":52,"column":2},"end":{"line":52,"column":88}},{"start":{"line":52,"column":2},"end":{"line":52,"column":88}}],"line":52}},"s":{"0":1,"1":1,"2":1,"3":1,"4":1,"5":1,"6":1,"7":1,"8":1,"9":1,"10":1,"11":1,"12":4,"13":4,"14":2,"15":2,"16":2,"17":2,"18":1,"19":5,"20":5,"21":2,"22":3,"23":3,"24":1,"25":2,"26":1,"27":3,"28":3,"29":1,"30":2,"31":1,"32":2,"33":2,"34":1,"35":1,"36":1},"f":{"0":1,"1":4,"2":5,"3":3,"4":2},"b":{"0":[2,2],"1":[2,3],"2":[1,2],"3":[1,2],"4":[1,1]},"_coverageSchema":"1a1c01bbd47fc00a2c39e90264f33305004495a9","hash":"ce506199fae030cdb1808f565b4d0e4794a95cb6"}
,"C:\\Users\\NCTR\\Desktop\\New folder (2)\\node-demo\\routes\\movies.js": {"path":"C:\\Users\\NCTR\\Desktop\\New folder (2)\\node-demo\\routes\\movies.js","statementMap":{"0":{"start":{"line":1,"column":12},"end":{"line":1,"column":26}},"1":{"start":{"line":2,"column":17},"end":{"line":2,"column":36}},"2":{"start":{"line":3,"column":16},"end":{"line":3,"column":34}},"3":{"start":{"line":4,"column":15},"end":{"line":4,"column":31}},"4":{"start":{"line":7,"column":17},"end":{"line":7,"column":43}},"5":{"start":{"line":9,"column":26},"end":{"line":9,"column":52}},"6":{"start":{"line":24,"column":0},"end":{"line":27,"column":3}},"7":{"start":{"line":25,"column":18},"end":{"line":25,"column":50}},"8":{"start":{"line":26,"column":4},"end":{"line":26,"column":20}},"9":{"start":{"line":29,"column":0},"end":{"line":38,"column":3}},"10":{"start":{"line":30,"column":22},"end":{"line":30,"column":40}},"11":{"start":{"line":31,"column":4},"end":{"line":31,"column":69}},"12":{"start":{"line":31,"column":15},"end":{"line":31,"column":69}},"13":{"start":{"line":32,"column":18},"end":{"line":32,"column":56}},"14":{"start":{"line":33,"column":16},"end":{"line":34,"column":104}},"15":{"start":{"line":35,"column":4},"end":{"line":35,"column":31}},"16":{"start":{"line":37,"column":4},"end":{"line":37,"column":20}},"17":{"start":{"line":40,"column":0},"end":{"line":51,"column":3}},"18":{"start":{"line":41,"column":22},"end":{"line":41,"column":45}},"19":{"start":{"line":42,"column":4},"end":{"line":42,"column":69}},"20":{"start":{"line":42,"column":15},"end":{"line":42,"column":69}},"21":{"start":{"line":44,"column":18},"end":{"line":46,"column":6}},"22":{"start":{"line":48,"column":4},"end":{"line":48,"column":90}},"23":{"start":{"line":48,"column":16},"end":{"line":48,"column":90}},"24":{"start":{"line":50,"column":4},"end":{"line":50,"column":20}},"25":{"start":{"line":53,"column":0},"end":{"line":59,"column":3}},"26":{"start":{"line":54,"column":18},"end":{"line":54,"column":62}},"27":{"start":{"line":56,"column":4},"end":{"line":56,"column":90}},"28":{"start":{"line":56,"column":16},"end":{"line":56,"column":90}},"29":{"start":{"line":58,"column":4},"end":{"line":58,"column":20}},"30":{"start":{"line":61,"column":0},"end":{"line":67,"column":3}},"31":{"start":{"line":62,"column":18},"end":{"line":62,"column":53}},"32":{"start":{"line":64,"column":4},"end":{"line":64,"column":90}},"33":{"start":{"line":64,"column":16},"end":{"line":64,"column":90}},"34":{"start":{"line":66,"column":4},"end":{"line":66,"column":20}},"35":{"start":{"line":72,"column":0},"end":{"line":72,"column":24}}},"fnMap":{"0":{"name":"(anonymous_0)","decl":{"start":{"line":24,"column":16},"end":{"line":24,"column":17}},"loc":{"start":{"line":24,"column":36},"end":{"line":27,"column":1}},"line":24},"1":{"name":"(anonymous_1)","decl":{"start":{"line":29,"column":17},"end":{"line":29,"column":18}},"loc":{"start":{"line":29,"column":37},"end":{"line":38,"column":1}},"line":29},"2":{"name":"(anonymous_2)","decl":{"start":{"line":40,"column":19},"end":{"line":40,"column":20}},"loc":{"start":{"line":40,"column":39},"end":{"line":51,"column":1}},"line":40},"3":{"name":"(anonymous_3)","decl":{"start":{"line":53,"column":22},"end":{"line":53,"column":23}},"loc":{"start":{"line":53,"column":42},"end":{"line":59,"column":1}},"line":53},"4":{"name":"(anonymous_4)","decl":{"start":{"line":61,"column":19},"end":{"line":61,"column":20}},"loc":{"start":{"line":61,"column":39},"end":{"line":67,"column":1}},"line":61}},"branchMap":{"0":{"loc":{"start":{"line":31,"column":4},"end":{"line":31,"column":69}},"type":"if","locations":[{"start":{"line":31,"column":4},"end":{"line":31,"column":69}},{"start":{"line":31,"column":4},"end":{"line":31,"column":69}}],"line":31},"1":{"loc":{"start":{"line":42,"column":4},"end":{"line":42,"column":69}},"type":"if","locations":[{"start":{"line":42,"column":4},"end":{"line":42,"column":69}},{"start":{"line":42,"column":4},"end":{"line":42,"column":69}}],"line":42},"2":{"loc":{"start":{"line":48,"column":4},"end":{"line":48,"column":90}},"type":"if","locations":[{"start":{"line":48,"column":4},"end":{"line":48,"column":90}},{"start":{"line":48,"column":4},"end":{"line":48,"column":90}}],"line":48},"3":{"loc":{"start":{"line":56,"column":4},"end":{"line":56,"column":90}},"type":"if","locations":[{"start":{"line":56,"column":4},"end":{"line":56,"column":90}},{"start":{"line":56,"column":4},"end":{"line":56,"column":90}}],"line":56},"4":{"loc":{"start":{"line":64,"column":4},"end":{"line":64,"column":90}},"type":"if","locations":[{"start":{"line":64,"column":4},"end":{"line":64,"column":90}},{"start":{"line":64,"column":4},"end":{"line":64,"column":90}}],"line":64}},"s":{"0":1,"1":1,"2":1,"3":1,"4":1,"5":1,"6":1,"7":0,"8":0,"9":1,"10":0,"11":0,"12":0,"13":0,"14":0,"15":0,"16":0,"17":1,"18":0,"19":0,"20":0,"21":0,"22":0,"23":0,"24":0,"25":1,"26":0,"27":0,"28":0,"29":0,"30":1,"31":0,"32":0,"33":0,"34":0,"35":1},"f":{"0":0,"1":0,"2":0,"3":0,"4":0},"b":{"0":[0,0],"1":[0,0],"2":[0,0],"3":[0,0],"4":[0,0]},"_coverageSchema":"1a1c01bbd47fc00a2c39e90264f33305004495a9","hash":"63a48e8455a2d964f44a972619366b501e2ad64b"}
,"C:\\Users\\NCTR\\Desktop\\New folder (2)\\node-demo\\routes\\rental.js": {"path":"C:\\Users\\NCTR\\Desktop\\New folder (2)\\node-demo\\routes\\rental.js","statementMap":{"0":{"start":{"line":1,"column":27},"end":{"line":1,"column":54}},"1":{"start":{"line":2,"column":16},"end":{"line":2,"column":42}},"2":{"start":{"line":3,"column":19},"end":{"line":3,"column":48}},"3":{"start":{"line":4,"column":17},"end":{"line":4,"column":36}},"4":{"start":{"line":5,"column":16},"end":{"line":5,"column":34}},"5":{"start":{"line":6,"column":15},"end":{"line":6,"column":31}},"6":{"start":{"line":8,"column":0},"end":{"line":11,"column":3}},"7":{"start":{"line":9,"column":18},"end":{"line":9,"column":54}},"8":{"start":{"line":10,"column":2},"end":{"line":10,"column":20}},"9":{"start":{"line":13,"column":0},"end":{"line":43,"column":3}},"10":{"start":{"line":14,"column":20},"end":{"line":14,"column":38}},"11":{"start":{"line":15,"column":2},"end":{"line":15,"column":67}},"12":{"start":{"line":15,"column":13},"end":{"line":15,"column":67}},"13":{"start":{"line":17,"column":19},"end":{"line":17,"column":63}},"14":{"start":{"line":18,"column":2},"end":{"line":18,"column":66}},"15":{"start":{"line":18,"column":17},"end":{"line":18,"column":66}},"16":{"start":{"line":20,"column":16},"end":{"line":20,"column":54}},"17":{"start":{"line":21,"column":2},"end":{"line":21,"column":60}},"18":{"start":{"line":21,"column":14},"end":{"line":21,"column":60}},"19":{"start":{"line":23,"column":2},"end":{"line":23,"column":84}},"20":{"start":{"line":23,"column":33},"end":{"line":23,"column":84}},"21":{"start":{"line":25,"column":15},"end":{"line":36,"column":4}},"22":{"start":{"line":37,"column":2},"end":{"line":37,"column":31}},"23":{"start":{"line":39,"column":2},"end":{"line":39,"column":24}},"24":{"start":{"line":40,"column":2},"end":{"line":40,"column":15}},"25":{"start":{"line":42,"column":2},"end":{"line":42,"column":19}},"26":{"start":{"line":45,"column":0},"end":{"line":51,"column":3}},"27":{"start":{"line":46,"column":17},"end":{"line":46,"column":53}},"28":{"start":{"line":48,"column":2},"end":{"line":48,"column":90}},"29":{"start":{"line":48,"column":15},"end":{"line":48,"column":90}},"30":{"start":{"line":50,"column":2},"end":{"line":50,"column":19}},"31":{"start":{"line":53,"column":0},"end":{"line":53,"column":24}}},"fnMap":{"0":{"name":"(anonymous_0)","decl":{"start":{"line":8,"column":16},"end":{"line":8,"column":17}},"loc":{"start":{"line":8,"column":36},"end":{"line":11,"column":1}},"line":8},"1":{"name":"(anonymous_1)","decl":{"start":{"line":13,"column":17},"end":{"line":13,"column":18}},"loc":{"start":{"line":13,"column":37},"end":{"line":43,"column":1}},"line":13},"2":{"name":"(anonymous_2)","decl":{"start":{"line":45,"column":19},"end":{"line":45,"column":20}},"loc":{"start":{"line":45,"column":39},"end":{"line":51,"column":1}},"line":45}},"branchMap":{"0":{"loc":{"start":{"line":15,"column":2},"end":{"line":15,"column":67}},"type":"if","locations":[{"start":{"line":15,"column":2},"end":{"line":15,"column":67}},{"start":{"line":15,"column":2},"end":{"line":15,"column":67}}],"line":15},"1":{"loc":{"start":{"line":18,"column":2},"end":{"line":18,"column":66}},"type":"if","locations":[{"start":{"line":18,"column":2},"end":{"line":18,"column":66}},{"start":{"line":18,"column":2},"end":{"line":18,"column":66}}],"line":18},"2":{"loc":{"start":{"line":21,"column":2},"end":{"line":21,"column":60}},"type":"if","locations":[{"start":{"line":21,"column":2},"end":{"line":21,"column":60}},{"start":{"line":21,"column":2},"end":{"line":21,"column":60}}],"line":21},"3":{"loc":{"start":{"line":23,"column":2},"end":{"line":23,"column":84}},"type":"if","locations":[{"start":{"line":23,"column":2},"end":{"line":23,"column":84}},{"start":{"line":23,"column":2},"end":{"line":23,"column":84}}],"line":23},"4":{"loc":{"start":{"line":48,"column":2},"end":{"line":48,"column":90}},"type":"if","locations":[{"start":{"line":48,"column":2},"end":{"line":48,"column":90}},{"start":{"line":48,"column":2},"end":{"line":48,"column":90}}],"line":48}},"s":{"0":1,"1":1,"2":1,"3":1,"4":1,"5":1,"6":1,"7":0,"8":0,"9":1,"10":0,"11":0,"12":0,"13":0,"14":0,"15":0,"16":0,"17":0,"18":0,"19":0,"20":0,"21":0,"22":0,"23":0,"24":0,"25":0,"26":1,"27":0,"28":0,"29":0,"30":0,"31":1},"f":{"0":0,"1":0,"2":0},"b":{"0":[0,0],"1":[0,0],"2":[0,0],"3":[0,0],"4":[0,0]},"_coverageSchema":"1a1c01bbd47fc00a2c39e90264f33305004495a9","hash":"e6ad9f77d90a911e065ce6ee405b6759e17adfc3"}
,"C:\\Users\\NCTR\\Desktop\\New folder (2)\\node-demo\\routes\\users.js": {"path":"C:\\Users\\NCTR\\Desktop\\New folder (2)\\node-demo\\routes\\users.js","statementMap":{"0":{"start":{"line":1,"column":0},"end":{"line":1,"column":32}},"1":{"start":{"line":2,"column":12},"end":{"line":2,"column":26}},"2":{"start":{"line":3,"column":17},"end":{"line":3,"column":36}},"3":{"start":{"line":4,"column":9},"end":{"line":4,"column":26}},"4":{"start":{"line":5,"column":13},"end":{"line":5,"column":30}},"5":{"start":{"line":6,"column":16},"end":{"line":6,"column":34}},"6":{"start":{"line":7,"column":15},"end":{"line":7,"column":31}},"7":{"start":{"line":8,"column":12},"end":{"line":8,"column":36}},"8":{"start":{"line":9,"column":13},"end":{"line":9,"column":42}},"9":{"start":{"line":11,"column":25},"end":{"line":11,"column":50}},"10":{"start":{"line":13,"column":0},"end":{"line":16,"column":3}},"11":{"start":{"line":14,"column":15},"end":{"line":14,"column":68}},"12":{"start":{"line":15,"column":2},"end":{"line":15,"column":17}},"13":{"start":{"line":17,"column":0},"end":{"line":21,"column":3}},"14":{"start":{"line":18,"column":14},"end":{"line":18,"column":48}},"15":{"start":{"line":19,"column":2},"end":{"line":19,"column":43}},"16":{"start":{"line":19,"column":14},"end":{"line":19,"column":43}},"17":{"start":{"line":20,"column":2},"end":{"line":20,"column":18}},"18":{"start":{"line":23,"column":0},"end":{"line":40,"column":3}},"19":{"start":{"line":24,"column":20},"end":{"line":24,"column":38}},"20":{"start":{"line":25,"column":2},"end":{"line":25,"column":67}},"21":{"start":{"line":25,"column":13},"end":{"line":25,"column":67}},"22":{"start":{"line":26,"column":13},"end":{"line":26,"column":64}},"23":{"start":{"line":28,"column":2},"end":{"line":28,"column":73}},"24":{"start":{"line":28,"column":12},"end":{"line":28,"column":73}},"25":{"start":{"line":30,"column":2},"end":{"line":30,"column":69}},"26":{"start":{"line":32,"column":13},"end":{"line":32,"column":37}},"27":{"start":{"line":34,"column":2},"end":{"line":34,"column":54}},"28":{"start":{"line":35,"column":4},"end":{"line":35,"column":22}},"29":{"start":{"line":38,"column":16},"end":{"line":38,"column":40}},"30":{"start":{"line":39,"column":2},"end":{"line":39,"column":87}},"31":{"start":{"line":42,"column":0},"end":{"line":42,"column":24}}},"fnMap":{"0":{"name":"(anonymous_0)","decl":{"start":{"line":13,"column":24},"end":{"line":13,"column":25}},"loc":{"start":{"line":13,"column":44},"end":{"line":16,"column":1}},"line":13},"1":{"name":"(anonymous_1)","decl":{"start":{"line":17,"column":16},"end":{"line":17,"column":17}},"loc":{"start":{"line":17,"column":36},"end":{"line":21,"column":1}},"line":17},"2":{"name":"(anonymous_2)","decl":{"start":{"line":23,"column":17},"end":{"line":23,"column":18}},"loc":{"start":{"line":23,"column":37},"end":{"line":40,"column":1}},"line":23}},"branchMap":{"0":{"loc":{"start":{"line":19,"column":2},"end":{"line":19,"column":43}},"type":"if","locations":[{"start":{"line":19,"column":2},"end":{"line":19,"column":43}},{"start":{"line":19,"column":2},"end":{"line":19,"column":43}}],"line":19},"1":{"loc":{"start":{"line":25,"column":2},"end":{"line":25,"column":67}},"type":"if","locations":[{"start":{"line":25,"column":2},"end":{"line":25,"column":67}},{"start":{"line":25,"column":2},"end":{"line":25,"column":67}}],"line":25},"2":{"loc":{"start":{"line":28,"column":2},"end":{"line":28,"column":73}},"type":"if","locations":[{"start":{"line":28,"column":2},"end":{"line":28,"column":73}},{"start":{"line":28,"column":2},"end":{"line":28,"column":73}}],"line":28}},"s":{"0":1,"1":1,"2":1,"3":1,"4":1,"5":1,"6":1,"7":1,"8":1,"9":1,"10":1,"11":0,"12":0,"13":1,"14":0,"15":0,"16":0,"17":0,"18":1,"19":0,"20":0,"21":0,"22":0,"23":0,"24":0,"25":0,"26":0,"27":0,"28":0,"29":0,"30":0,"31":1},"f":{"0":0,"1":0,"2":0},"b":{"0":[0,0],"1":[0,0],"2":[0,0]},"_coverageSchema":"1a1c01bbd47fc00a2c39e90264f33305004495a9","hash":"a566b512431ac8c2ce2b626c3e69fd0547e9a3cd"}
,"C:\\Users\\NCTR\\Desktop\\New folder (2)\\node-demo\\testing-demo\\exercise1.js": {"path":"C:\\Users\\NCTR\\Desktop\\New folder (2)\\node-demo\\testing-demo\\exercise1.js","statementMap":{"0":{"start":{"line":2,"column":0},"end":{"line":16,"column":1}},"1":{"start":{"line":3,"column":2},"end":{"line":4,"column":49}},"2":{"start":{"line":4,"column":4},"end":{"line":4,"column":49}},"3":{"start":{"line":6,"column":2},"end":{"line":7,"column":22}},"4":{"start":{"line":7,"column":4},"end":{"line":7,"column":22}},"5":{"start":{"line":9,"column":2},"end":{"line":10,"column":18}},"6":{"start":{"line":10,"column":4},"end":{"line":10,"column":18}},"7":{"start":{"line":12,"column":2},"end":{"line":13,"column":18}},"8":{"start":{"line":13,"column":4},"end":{"line":13,"column":18}},"9":{"start":{"line":15,"column":2},"end":{"line":15,"column":15}}},"fnMap":{"0":{"name":"(anonymous_0)","decl":{"start":{"line":2,"column":26},"end":{"line":2,"column":27}},"loc":{"start":{"line":2,"column":42},"end":{"line":16,"column":1}},"line":2}},"branchMap":{"0":{"loc":{"start":{"line":3,"column":2},"end":{"line":4,"column":49}},"type":"if","locations":[{"start":{"line":3,"column":2},"end":{"line":4,"column":49}},{"start":{"line":3,"column":2},"end":{"line":4,"column":49}}],"line":3},"1":{"loc":{"start":{"line":6,"column":2},"end":{"line":7,"column":22}},"type":"if","locations":[{"start":{"line":6,"column":2},"end":{"line":7,"column":22}},{"start":{"line":6,"column":2},"end":{"line":7,"column":22}}],"line":6},"2":{"loc":{"start":{"line":6,"column":6},"end":{"line":6,"column":44}},"type":"binary-expr","locations":[{"start":{"line":6,"column":7},"end":{"line":6,"column":22}},{"start":{"line":6,"column":27},"end":{"line":6,"column":44}}],"line":6},"3":{"loc":{"start":{"line":9,"column":2},"end":{"line":10,"column":18}},"type":"if","locations":[{"start":{"line":9,"column":2},"end":{"line":10,"column":18}},{"start":{"line":9,"column":2},"end":{"line":10,"column":18}}],"line":9},"4":{"loc":{"start":{"line":12,"column":2},"end":{"line":13,"column":18}},"type":"if","locations":[{"start":{"line":12,"column":2},"end":{"line":13,"column":18}},{"start":{"line":12,"column":2},"end":{"line":13,"column":18}}],"line":12}},"s":{"0":1,"1":8,"2":4,"3":4,"4":1,"5":3,"6":1,"7":2,"8":1,"9":1},"f":{"0":8},"b":{"0":[4,4],"1":[1,3],"2":[4,2],"3":[1,2],"4":[1,1]},"_coverageSchema":"1a1c01bbd47fc00a2c39e90264f33305004495a9","hash":"55e18148a8250b9185ee4404bfa5ff5255850c7d"}
}
